{
  "stats": {
    "suites": 1,
    "tests": 1,
    "passes": 1,
    "pending": 0,
    "failures": 0,
    "start": "2021-12-06T23:48:52.902Z",
    "end": "2021-12-06T23:49:19.973Z",
    "duration": 27071,
    "testsRegistered": 1,
    "passPercent": 100,
    "pendingPercent": 0,
    "other": 0,
    "hasOther": false,
    "skipped": 0,
    "hasSkipped": false
  },
  "results": [
    {
      "uuid": "e0303c9f-d885-496b-93f4-8539cfe4fcfb",
      "title": "",
      "fullFile": "cypress/integration/cadastro-spec.js",
      "file": "cypress/integration/cadastro-spec.js",
      "beforeHooks": [],
      "afterHooks": [],
      "tests": [],
      "suites": [
        {
          "uuid": "2e23510a-9d21-4a65-941a-43a4531bb855",
          "title": "Cadastro",
          "fullFile": "",
          "file": "",
          "beforeHooks": [],
          "afterHooks": [],
          "tests": [
            {
              "title": "Quando preencher o cadastro e salvar, o usuário seja criado com êxito",
              "fullTitle": "Cadastro Quando preencher o cadastro e salvar, o usuário seja criado com êxito",
              "timedOut": null,
              "duration": 26875,
              "state": "passed",
              "speed": "slow",
              "pass": true,
              "fail": false,
              "pending": false,
              "context": null,
              "code": "cy.visit(\"/\"); // Clicar btn \"Sign In\"\ncy.get('a[class=\"login\"]').click(); //Informar um e-mail para cadastro \ncy.get('input#email_create').type(chance.email()); //Clicar btn \"Create an account\"\ncy.get('#SubmitCreate').click();\n/*************************************\n *      YOUR PERSONAL INFORMATION\n *************************************/\ncy.wait(2000);\ncy.get('#id_gender2').check(); // Mrs \ncy.get('input[name=\"customer_firstname\"]').type(chance.first()); //First name \ncy.get('input[name=\"customer_lastname\"]').type(chance.last()); // Last name\n//   cy.get('input#email').type(chance.email()) // email  \ncy.get('input#passwd').type(\"Teste@123\"); // Password \ncy.get('select#days').select('16'); // Days\ncy.get('select#months').select('January'); // Months\ncy.get('select#years').select('1997'); // Years\ncy.get('input#newsletter').check(); // Newsletter \n/*************************************\n *      YOUR ADDRESS\n *************************************/\ncy.get('input#firstname').type(chance.first()); // First Name \ncy.get('input#lastname').type(chance.last()); // Last Name\ncy.get('input#company').type(chance.company()); // Company \ncy.get('input#address1').type(chance.address()); // Adress \ncy.get('input#address2').type(chance.address()); // Adress 2\ncy.get('input#city').type(chance.city()); // City\ncy.get('select#id_state').select('Louisiana'); // State\ncy.get('input#postcode').type(chance.zip()); // PostCode\ncy.get('textArea#other').type(\"Informação adicional Teste\"); // Additional Information\ncy.get('input#phone').type(chance.phone());\ncy.get('input#phone_mobile').type(chance.phone());\ncy.get('input#alias').type(chance.address());\ncy.get('button#submitAccount').click();\n/**********************\n *      Asserts\n***********************/\ncy.url().should('to.equal', 'http://automationpractice.com/index.php?controller=my-account');\ncy.get('div#center_column').should('contain', 'Welcome to your account');",
              "err": {},
              "uuid": "32f320d1-249f-4eab-bb9c-df24deee6dae",
              "parentUUID": "2e23510a-9d21-4a65-941a-43a4531bb855",
              "isHook": false,
              "skipped": false
            }
          ],
          "suites": [],
          "passes": [
            "32f320d1-249f-4eab-bb9c-df24deee6dae"
          ],
          "failures": [],
          "pending": [],
          "skipped": [],
          "duration": 26875,
          "root": false,
          "rootEmpty": false,
          "_timeout": 2000
        }
      ],
      "passes": [],
      "failures": [],
      "pending": [],
      "skipped": [],
      "duration": 0,
      "root": true,
      "rootEmpty": true,
      "_timeout": 2000
    }
  ],
  "meta": {
    "mocha": {
      "version": "7.0.1"
    },
    "mochawesome": {
      "options": {
        "quiet": true,
        "reportFilename": "mochawesome",
        "saveHtml": false,
        "saveJson": true,
        "consoleReporter": "spec",
        "useInlineDiffs": false,
        "code": true
      },
      "version": "7.0.1"
    },
    "marge": {
      "options": {
        "id": "default",
        "reportDir": "mochawesome-report",
        "quiet": true,
        "overwrite": false,
        "html": false,
        "json": true
      },
      "version": "6.0.1"
    }
  }
}